<?xml version="1.0" encoding="UTF-8"?>
<!-- Generated by org.testng.reporters.JUnitReportReporter -->
<testsuite hostname="HIMA" failures="0" tests="6" name="cucumberOptions.TestRunner" time="22.454" errors="0" timestamp="2021-02-26T13:01:13 IST" skipped="0">
  <testcase classname="cucumberOptions.TestRunner" name="runScenario" time="0.008"/>
  <system-out/>
  <testcase classname="cucumberOptions.TestRunner" name="runScenario" time="11.591"/>
  <system-out/>
  <testcase classname="cucumberOptions.TestRunner" name="runScenario" time="0.016"/>
  <system-out/>
  <testcase classname="cucumberOptions.TestRunner" name="runScenario" time="10.828"/>
  <system-out/>
  <testcase classname="cucumberOptions.TestRunner" name="runScenario" time="0.005"/>
  <system-out/>
  <testcase classname="cucumberOptions.TestRunner" name="runScenario" time="0.006"/>
  <system-out/>
</testsuite> <!-- cucumberOptions.TestRunner -->
